<?xml version="1.0" encoding="UTF-8"?>
<!-- Generated by org.testng.reporters.JUnitReportReporter -->
<testsuite skipped="0" hostname="DESKTOP-2JS3099" name="tests.AdminLoginLogout" tests="2" failures="0" timestamp="07 Jan 2020 20:20:03 GMT" time="18.421" errors="0">
  <testcase name="logoutAdminPage" time="5.979" classname="tests.AdminLoginLogout"/>
  <testcase name="loginAdminPage" time="12.442" classname="tests.AdminLoginLogout"/>
</testsuite> <!-- tests.AdminLoginLogout -->
